14:47:43 DEBUG - the user number of room (fff) is: 0
14:47:45 DEBUG - the user number of room (fff) is: 0
14:48:28 DEBUG - the user number of room (fff) is: 0
14:48:35 DEBUG - the user number of room (fff) is: 0
14:49:13 DEBUG - the user number of room is: 0
14:49:19 DEBUG - the user number of room (fff) is: 0
14:49:25 DEBUG - the user number of room is: 0
14:49:26 DEBUG - the user number of room (fff) is: 0
14:50:22 DEBUG - the user number of room (fff) is: 0
14:52:08 DEBUG - the user number of room (fff) is: 0
14:52:36 DEBUG - the user number of room (fff) is: 0
14:58:00 DEBUG - the user number of room (fff) is: 0
15:03:03 DEBUG - the user number of room (fff) is: 0
15:04:42 DEBUG - the user number of room (fff) is: 0
15:05:34 DEBUG - the user number of room is: 0
15:05:40 DEBUG - the user number of room (fff) is: 0
15:05:48 DEBUG - the user number of room (fff) is: 0
15:09:10 DEBUG - the user number of room (fff) is: 0
15:09:19 DEBUG - the user number of room (fff) is: 0
15:09:52 DEBUG - the user number of room (fff) is: 0
15:10:11 DEBUG - the user number of room (fff) is: 0
15:10:59 DEBUG - the user number of room (fff) is: 0
15:24:17 DEBUG - the user number of room (fff) is: 1
15:24:27 DEBUG - the user number of room (fff) is: 2
15:24:27 DEBUG - message, room: fff, data, type:offer
15:24:27 DEBUG - message, room: fff, data, type:candidate
15:24:27 DEBUG - message, room: fff, data, type:candidate
15:24:27 DEBUG - message, room: fff, data, type:candidate
15:24:27 DEBUG - message, room: fff, data, type:candidate
15:24:27 DEBUG - message, room: fff, data, type:candidate
15:24:27 DEBUG - message, room: fff, data, type:candidate
15:24:27 DEBUG - message, room: fff, data, type:candidate
15:24:27 DEBUG - message, room: fff, data, type:candidate
15:24:31 DEBUG - message, room: fff, data, type:answer
15:24:31 DEBUG - message, room: fff, data, type:candidate
15:24:31 DEBUG - message, room: fff, data, type:candidate
15:24:31 DEBUG - message, room: fff, data, type:candidate
15:24:31 DEBUG - message, room: fff, data, type:candidate
